Release 14.7 - xst P.20131013 (nt64)
Copyright (c) 1995-2013 Xilinx, Inc.  All rights reserved.
--> Parameter TMPDIR set to xst/projnav.tmp


Total REAL time to Xst completion: 0.00 secs
Total CPU time to Xst completion: 0.34 secs
 
--> Parameter xsthdpdir set to xst


Total REAL time to Xst completion: 0.00 secs
Total CPU time to Xst completion: 0.34 secs
 
--> Reading design: IDS_Lab06.prj

TABLE OF CONTENTS
  1) Synthesis Options Summary
  2) HDL Compilation
  3) Design Hierarchy Analysis
  4) HDL Analysis
  5) HDL Synthesis
     5.1) HDL Synthesis Report
  6) Advanced HDL Synthesis
     6.1) Advanced HDL Synthesis Report
  7) Low Level Synthesis
  8) Partition Report
  9) Final Report
	9.1) Device utilization summary
	9.2) Partition Resource Summary
	9.3) TIMING REPORT


=========================================================================
*                      Synthesis Options Summary                        *
=========================================================================
---- Source Parameters
Input File Name                    : "IDS_Lab06.prj"
Input Format                       : mixed
Ignore Synthesis Constraint File   : NO

---- Target Parameters
Output File Name                   : "IDS_Lab06"
Output Format                      : NGC
Target Device                      : xc3s100e-4-cp132

---- Source Options
Top Module Name                    : IDS_Lab06
Automatic FSM Extraction           : YES
FSM Encoding Algorithm             : Auto
Safe Implementation                : No
FSM Style                          : LUT
RAM Extraction                     : Yes
RAM Style                          : Auto
ROM Extraction                     : Yes
Mux Style                          : Auto
Decoder Extraction                 : YES
Priority Encoder Extraction        : Yes
Shift Register Extraction          : YES
Logical Shifter Extraction         : YES
XOR Collapsing                     : YES
ROM Style                          : Auto
Mux Extraction                     : Yes
Resource Sharing                   : YES
Asynchronous To Synchronous        : NO
Multiplier Style                   : Auto
Automatic Register Balancing       : No

---- Target Options
Add IO Buffers                     : YES
Global Maximum Fanout              : 100000
Add Generic Clock Buffer(BUFG)     : 24
Register Duplication               : YES
Slice Packing                      : YES
Optimize Instantiated Primitives   : NO
Use Clock Enable                   : Yes
Use Synchronous Set                : Yes
Use Synchronous Reset              : Yes
Pack IO Registers into IOBs        : Auto
Equivalent register Removal        : YES

---- General Options
Optimization Goal                  : Speed
Optimization Effort                : 1
Keep Hierarchy                     : No
Netlist Hierarchy                  : As_Optimized
RTL Output                         : Yes
Global Optimization                : AllClockNets
Read Cores                         : YES
Write Timing Constraints           : NO
Cross Clock Analysis               : NO
Hierarchy Separator                : /
Bus Delimiter                      : <>
Case Specifier                     : Maintain
Slice Utilization Ratio            : 100
BRAM Utilization Ratio             : 100
Verilog 2001                       : YES
Auto BRAM Packing                  : NO
Slice Utilization Ratio Delta      : 5

=========================================================================


=========================================================================
*                          HDL Compilation                              *
=========================================================================
Compiling verilog file "IDS_Lab05_hex7seg.v" in library work
Compiling verilog file "dff_v.v" in library work
Module <IDS_Lab05_hex7seg> compiled
Compiling verilog file "IDS_Lab06.v" in library work
Module <dff_v> compiled
Module <IDS_Lab06> compiled
No errors in compilation
Analysis of file <"IDS_Lab06.prj"> succeeded.
 

=========================================================================
*                     Design Hierarchy Analysis                         *
=========================================================================
Analyzing hierarchy for module <IDS_Lab06> in library <work>.

Analyzing hierarchy for module <IDS_Lab05_hex7seg> in library <work>.

Analyzing hierarchy for module <dff_v> in library <work>.


=========================================================================
*                            HDL Analysis                               *
=========================================================================
Analyzing top module <IDS_Lab06>.
Module <IDS_Lab06> is correct for synthesis.
 
Analyzing module <IDS_Lab05_hex7seg> in library <work>.
Module <IDS_Lab05_hex7seg> is correct for synthesis.
 
Analyzing module <dff_v> in library <work>.
Module <dff_v> is correct for synthesis.
 

=========================================================================
*                           HDL Synthesis                               *
=========================================================================

Performing bidirectional port resolution...

Synthesizing Unit <IDS_Lab05_hex7seg>.
    Related source file is "IDS_Lab05_hex7seg.v".
Unit <IDS_Lab05_hex7seg> synthesized.


Synthesizing Unit <dff_v>.
    Related source file is "dff_v.v".
    Found 1-bit register for signal <Q>.
    Summary:
	inferred   1 D-type flip-flop(s).
Unit <dff_v> synthesized.


Synthesizing Unit <IDS_Lab06>.
    Related source file is "IDS_Lab06.v".
Unit <IDS_Lab06> synthesized.


=========================================================================
HDL Synthesis Report

Macro Statistics
# Registers                                            : 3
 1-bit register                                        : 3

=========================================================================

=========================================================================
*                       Advanced HDL Synthesis                          *
=========================================================================


=========================================================================
Advanced HDL Synthesis Report

Macro Statistics
# Registers                                            : 3
 Flip-Flops                                            : 3

=========================================================================

=========================================================================
*                         Low Level Synthesis                           *
=========================================================================

Optimizing unit <IDS_Lab06> ...

Mapping all equations...
Building and optimizing final netlist ...
Found area constraint ratio of 100 (+ 5) on block IDS_Lab06, actual ratio is 0.

Final Macro Processing ...

=========================================================================
Final Register Report

Macro Statistics
# Registers                                            : 3
 Flip-Flops                                            : 3

=========================================================================

=========================================================================
*                           Partition Report                            *
=========================================================================

Partition Implementation Status
-------------------------------

  No Partitions were found in this design.

-------------------------------

=========================================================================
*                            Final Report                               *
=========================================================================
Final Results
RTL Top Level Output File Name     : IDS_Lab06.ngr
Top Level Output File Name         : IDS_Lab06
Output Format                      : NGC
Optimization Goal                  : Speed
Keep Hierarchy                     : No

Design Statistics
# IOs                              : 14

Cell Usage :
# BELS                             : 12
#      GND                         : 1
#      LUT2                        : 3
#      LUT3                        : 7
#      VCC                         : 1
# FlipFlops/Latches                : 3
#      FDC                         : 3
# Clock Buffers                    : 1
#      BUFGP                       : 1
# IO Buffers                       : 13
#      IBUF                        : 1
#      OBUF                        : 12
=========================================================================

Device utilization summary:
---------------------------

Selected Device : 3s100ecp132-4 

 Number of Slices:                        6  out of    960     0%  
 Number of Slice Flip Flops:              3  out of   1920     0%  
 Number of 4 input LUTs:                 10  out of   1920     0%  
 Number of IOs:                          14
 Number of bonded IOBs:                  14  out of     83    16%  
 Number of GCLKs:                         1  out of     24     4%  

---------------------------
Partition Resource Summary:
---------------------------

  No Partitions were found in this design.

---------------------------


=========================================================================
TIMING REPORT

NOTE: THESE TIMING NUMBERS ARE ONLY A SYNTHESIS ESTIMATE.
      FOR ACCURATE TIMING INFORMATION PLEASE REFER TO THE TRACE REPORT
      GENERATED AFTER PLACE-and-ROUTE.

Clock Information:
------------------
-----------------------------------+------------------------+-------+
Clock Signal                       | Clock buffer(FF name)  | Load  |
-----------------------------------+------------------------+-------+
CLK                                | BUFGP                  | 3     |
-----------------------------------+------------------------+-------+

Asynchronous Control Signals Information:
----------------------------------------
-----------------------------------+------------------------+-------+
Control Signal                     | Buffer(FF name)        | Load  |
-----------------------------------+------------------------+-------+
RESET                              | IBUF                   | 3     |
-----------------------------------+------------------------+-------+

Timing Summary:
---------------
Speed Grade: -4

   Minimum period: 2.598ns (Maximum Frequency: 384.911MHz)
   Minimum input arrival time before clock: No path found
   Maximum output required time after clock: 6.044ns
   Maximum combinational path delay: No path found

Timing Detail:
--------------
All values displayed in nanoseconds (ns)

=========================================================================
Timing constraint: Default period analysis for Clock 'CLK'
  Clock period: 2.598ns (frequency: 384.911MHz)
  Total number of paths / destination ports: 6 / 3
-------------------------------------------------------------------------
Delay:               2.598ns (Levels of Logic = 1)
  Source:            U2/Q (FF)
  Destination:       U2/Q (FF)
  Source Clock:      CLK rising
  Destination Clock: CLK rising

  Data Path: U2/Q to U2/Q
                                Gate     Net
    Cell:in->out      fanout   Delay   Delay  Logical Name (Net Name)
    ----------------------------------------  ------------
     FDC:C->Q              9   0.591   0.995  U2/Q (U2/Q)
     LUT2:I0->O            1   0.704   0.000  D4/a_to_g_1_and00021 (D4/a_to_g_1_and0002)
     FDC:D                     0.308          U1/Q
    ----------------------------------------
    Total                      2.598ns (1.603ns logic, 0.995ns route)
                                       (61.7% logic, 38.3% route)

=========================================================================
Timing constraint: Default OFFSET OUT AFTER for Clock 'CLK'
  Total number of paths / destination ports: 21 / 7
-------------------------------------------------------------------------
Offset:              6.044ns (Levels of Logic = 2)
  Source:            U3/Q (FF)
  Destination:       a_to_g<3> (PAD)
  Source Clock:      CLK rising

  Data Path: U3/Q to a_to_g<3>
                                Gate     Net
    Cell:in->out      fanout   Delay   Delay  Logical Name (Net Name)
    ----------------------------------------  ------------
     FDC:C->Q             10   0.591   1.057  U3/Q (U3/Q)
     LUT3:I0->O            1   0.704   0.420  D4/a_to_g_2_or00001 (a_to_g_2_OBUF)
     OBUF:I->O                 3.272          a_to_g_2_OBUF (a_to_g<2>)
    ----------------------------------------
    Total                      6.044ns (4.567ns logic, 1.477ns route)
                                       (75.6% logic, 24.4% route)

=========================================================================


Total REAL time to Xst completion: 8.00 secs
Total CPU time to Xst completion: 8.51 secs
 
--> 

Total memory usage is 252800 kilobytes

Number of errors   :    0 (   0 filtered)
Number of warnings :    0 (   0 filtered)
Number of infos    :    0 (   0 filtered)

