Release 14.7 - xst P.20131013 (nt64)
Copyright (c) 1995-2013 Xilinx, Inc.  All rights reserved.
--> Parameter TMPDIR set to xst/projnav.tmp


Total REAL time to Xst completion: 0.00 secs
Total CPU time to Xst completion: 0.16 secs
 
--> Parameter xsthdpdir set to xst


Total REAL time to Xst completion: 0.00 secs
Total CPU time to Xst completion: 0.16 secs
 
--> Reading design: IDS_Lab07.prj

TABLE OF CONTENTS
  1) Synthesis Options Summary
  2) HDL Compilation
  3) Design Hierarchy Analysis
  4) HDL Analysis
  5) HDL Synthesis
     5.1) HDL Synthesis Report
  6) Advanced HDL Synthesis
     6.1) Advanced HDL Synthesis Report
  7) Low Level Synthesis
  8) Partition Report
  9) Final Report
	9.1) Device utilization summary
	9.2) Partition Resource Summary
	9.3) TIMING REPORT


=========================================================================
*                      Synthesis Options Summary                        *
=========================================================================
---- Source Parameters
Input File Name                    : "IDS_Lab07.prj"
Input Format                       : mixed
Ignore Synthesis Constraint File   : NO

---- Target Parameters
Output File Name                   : "IDS_Lab07"
Output Format                      : NGC
Target Device                      : xc3s100e-4-cp132

---- Source Options
Top Module Name                    : IDS_Lab07
Automatic FSM Extraction           : YES
FSM Encoding Algorithm             : Auto
Safe Implementation                : No
FSM Style                          : LUT
RAM Extraction                     : Yes
RAM Style                          : Auto
ROM Extraction                     : Yes
Mux Style                          : Auto
Decoder Extraction                 : YES
Priority Encoder Extraction        : Yes
Shift Register Extraction          : YES
Logical Shifter Extraction         : YES
XOR Collapsing                     : YES
ROM Style                          : Auto
Mux Extraction                     : Yes
Resource Sharing                   : YES
Asynchronous To Synchronous        : NO
Multiplier Style                   : Auto
Automatic Register Balancing       : No

---- Target Options
Add IO Buffers                     : YES
Global Maximum Fanout              : 100000
Add Generic Clock Buffer(BUFG)     : 24
Register Duplication               : YES
Slice Packing                      : YES
Optimize Instantiated Primitives   : NO
Use Clock Enable                   : Yes
Use Synchronous Set                : Yes
Use Synchronous Reset              : Yes
Pack IO Registers into IOBs        : Auto
Equivalent register Removal        : YES

---- General Options
Optimization Goal                  : Speed
Optimization Effort                : 1
Keep Hierarchy                     : No
Netlist Hierarchy                  : As_Optimized
RTL Output                         : Yes
Global Optimization                : AllClockNets
Read Cores                         : YES
Write Timing Constraints           : NO
Cross Clock Analysis               : NO
Hierarchy Separator                : /
Bus Delimiter                      : <>
Case Specifier                     : Maintain
Slice Utilization Ratio            : 100
BRAM Utilization Ratio             : 100
Verilog 2001                       : YES
Auto BRAM Packing                  : NO
Slice Utilization Ratio Delta      : 5

=========================================================================


=========================================================================
*                          HDL Compilation                              *
=========================================================================
Compiling verilog file "dff_v.v" in library work
Compiling verilog file "jk_v.v" in library work
Module <dff_v> compiled
Compiling verilog file "IDS_Lab05_hex7seg.v" in library work
Module <jk_v> compiled
Compiling verilog file "IDS_Lab07.v" in library work
Module <IDS_Lab05_hex7seg> compiled
Module <IDS_Lab07> compiled
No errors in compilation
Analysis of file <"IDS_Lab07.prj"> succeeded.
 

=========================================================================
*                     Design Hierarchy Analysis                         *
=========================================================================
Analyzing hierarchy for module <IDS_Lab07> in library <work>.

Analyzing hierarchy for module <jk_v> in library <work>.

Analyzing hierarchy for module <IDS_Lab05_hex7seg> in library <work>.

Analyzing hierarchy for module <dff_v> in library <work>.


=========================================================================
*                            HDL Analysis                               *
=========================================================================
Analyzing top module <IDS_Lab07>.
Module <IDS_Lab07> is correct for synthesis.
 
Analyzing module <jk_v> in library <work>.
Module <jk_v> is correct for synthesis.
 
Analyzing module <dff_v> in library <work>.
Module <dff_v> is correct for synthesis.
 
Analyzing module <IDS_Lab05_hex7seg> in library <work>.
Module <IDS_Lab05_hex7seg> is correct for synthesis.
 

=========================================================================
*                           HDL Synthesis                               *
=========================================================================

Performing bidirectional port resolution...

Synthesizing Unit <IDS_Lab05_hex7seg>.
    Related source file is "IDS_Lab05_hex7seg.v".
Unit <IDS_Lab05_hex7seg> synthesized.


Synthesizing Unit <dff_v>.
    Related source file is "dff_v.v".
    Found 1-bit register for signal <Q>.
    Summary:
	inferred   1 D-type flip-flop(s).
Unit <dff_v> synthesized.


Synthesizing Unit <jk_v>.
    Related source file is "jk_v.v".
Unit <jk_v> synthesized.


Synthesizing Unit <IDS_Lab07>.
    Related source file is "IDS_Lab07.v".
    Found 1-bit xor2 for signal <kb>.
Unit <IDS_Lab07> synthesized.


=========================================================================
HDL Synthesis Report

Macro Statistics
# Registers                                            : 2
 1-bit register                                        : 2
# Xors                                                 : 1
 1-bit xor2                                            : 1

=========================================================================

=========================================================================
*                       Advanced HDL Synthesis                          *
=========================================================================


=========================================================================
Advanced HDL Synthesis Report

Macro Statistics
# Registers                                            : 2
 Flip-Flops                                            : 2
# Xors                                                 : 1
 1-bit xor2                                            : 1

=========================================================================

=========================================================================
*                         Low Level Synthesis                           *
=========================================================================
WARNING:Xst:1710 - FF/Latch <D1/A1/Q> (without init value) has a constant value of 0 in block <IDS_Lab07>. This FF/Latch will be trimmed during the optimization process.

Optimizing unit <IDS_Lab07> ...

Mapping all equations...
Building and optimizing final netlist ...
Found area constraint ratio of 100 (+ 5) on block IDS_Lab07, actual ratio is 0.
FlipFlop D2/A1/Q has been replicated 4 time(s) to handle iob=true attribute.

Final Macro Processing ...

=========================================================================
Final Register Report

Macro Statistics
# Registers                                            : 5
 Flip-Flops                                            : 5

=========================================================================

=========================================================================
*                           Partition Report                            *
=========================================================================

Partition Implementation Status
-------------------------------

  No Partitions were found in this design.

-------------------------------

=========================================================================
*                            Final Report                               *
=========================================================================
Final Results
RTL Top Level Output File Name     : IDS_Lab07.ngr
Top Level Output File Name         : IDS_Lab07
Output Format                      : NGC
Optimization Goal                  : Speed
Keep Hierarchy                     : No

Design Statistics
# IOs                              : 16

Cell Usage :
# BELS                             : 3
#      GND                         : 1
#      LUT2                        : 1
#      VCC                         : 1
# FlipFlops/Latches                : 5
#      FDC                         : 5
# Clock Buffers                    : 1
#      BUFGP                       : 1
# IO Buffers                       : 15
#      IBUF                        : 2
#      OBUF                        : 13
=========================================================================

Device utilization summary:
---------------------------

Selected Device : 3s100ecp132-4 

 Number of Slices:                        1  out of    960     0%  
 Number of Slice Flip Flops:              1  out of   1920     0%  
 Number of 4 input LUTs:                  1  out of   1920     0%  
 Number of IOs:                          16
 Number of bonded IOBs:                  16  out of     83    19%  
    IOB Flip Flops:                       4
 Number of GCLKs:                         1  out of     24     4%  

---------------------------
Partition Resource Summary:
---------------------------

  No Partitions were found in this design.

---------------------------


=========================================================================
TIMING REPORT

NOTE: THESE TIMING NUMBERS ARE ONLY A SYNTHESIS ESTIMATE.
      FOR ACCURATE TIMING INFORMATION PLEASE REFER TO THE TRACE REPORT
      GENERATED AFTER PLACE-and-ROUTE.

Clock Information:
------------------
-----------------------------------+------------------------+-------+
Clock Signal                       | Clock buffer(FF name)  | Load  |
-----------------------------------+------------------------+-------+
CLK                                | BUFGP                  | 5     |
-----------------------------------+------------------------+-------+

Asynchronous Control Signals Information:
----------------------------------------
-----------------------------------+------------------------+-------+
Control Signal                     | Buffer(FF name)        | Load  |
-----------------------------------+------------------------+-------+
RESET                              | IBUF                   | 5     |
-----------------------------------+------------------------+-------+

Timing Summary:
---------------
Speed Grade: -4

   Minimum period: No path found
   Minimum input arrival time before clock: 2.195ns
   Maximum output required time after clock: 5.486ns
   Maximum combinational path delay: 6.458ns

Timing Detail:
--------------
All values displayed in nanoseconds (ns)

=========================================================================
Timing constraint: Default OFFSET IN BEFORE for Clock 'CLK'
  Total number of paths / destination ports: 5 / 5
-------------------------------------------------------------------------
Offset:              2.195ns (Levels of Logic = 1)
  Source:            X (PAD)
  Destination:       D2/A1/Q (FF)
  Destination Clock: CLK rising

  Data Path: X to D2/A1/Q
                                Gate     Net
    Cell:in->out      fanout   Delay   Delay  Logical Name (Net Name)
    ----------------------------------------  ------------
     IBUF:I->O             6   1.218   0.669  X_IBUF (D2/D)
     FDC:D                     0.308          D2/A1/Q
    ----------------------------------------
    Total                      2.195ns (1.526ns logic, 0.669ns route)
                                       (69.5% logic, 30.5% route)

=========================================================================
Timing constraint: Default OFFSET OUT AFTER for Clock 'CLK'
  Total number of paths / destination ports: 5 / 5
-------------------------------------------------------------------------
Offset:              5.486ns (Levels of Logic = 2)
  Source:            D2/A1/Q (FF)
  Destination:       Y (PAD)
  Source Clock:      CLK rising

  Data Path: D2/A1/Q to Y
                                Gate     Net
    Cell:in->out      fanout   Delay   Delay  Logical Name (Net Name)
    ----------------------------------------  ------------
     FDC:C->Q              1   0.591   0.499  D2/A1/Q (D2/A1/Q)
     LUT2:I1->O            1   0.704   0.420  Mxor_kb_Result_and00001 (Mxor_kb_Result_and0000)
     OBUF:I->O                 3.272          Y_OBUF (Y)
    ----------------------------------------
    Total                      5.486ns (4.567ns logic, 0.919ns route)
                                       (83.2% logic, 16.8% route)

=========================================================================
Timing constraint: Default path analysis
  Total number of paths / destination ports: 1 / 1
-------------------------------------------------------------------------
Delay:               6.458ns (Levels of Logic = 3)
  Source:            X (PAD)
  Destination:       Y (PAD)

  Data Path: X to Y
                                Gate     Net
    Cell:in->out      fanout   Delay   Delay  Logical Name (Net Name)
    ----------------------------------------  ------------
     IBUF:I->O             6   1.218   0.844  X_IBUF (D2/D)
     LUT2:I0->O            1   0.704   0.420  Mxor_kb_Result_and00001 (Mxor_kb_Result_and0000)
     OBUF:I->O                 3.272          Y_OBUF (Y)
    ----------------------------------------
    Total                      6.458ns (5.194ns logic, 1.264ns route)
                                       (80.4% logic, 19.6% route)

=========================================================================


Total REAL time to Xst completion: 7.00 secs
Total CPU time to Xst completion: 6.82 secs
 
--> 

Total memory usage is 252608 kilobytes

Number of errors   :    0 (   0 filtered)
Number of warnings :    1 (   0 filtered)
Number of infos    :    0 (   0 filtered)

