Release 14.7 - xst P.20131013 (nt64)
Copyright (c) 1995-2013 Xilinx, Inc.  All rights reserved.
--> Parameter TMPDIR set to xst/projnav.tmp


Total REAL time to Xst completion: 2.00 secs
Total CPU time to Xst completion: 1.33 secs
 
--> Parameter xsthdpdir set to xst


Total REAL time to Xst completion: 2.00 secs
Total CPU time to Xst completion: 1.34 secs
 
--> Reading design: IDS_Lab09.prj

TABLE OF CONTENTS
  1) Synthesis Options Summary
  2) HDL Compilation
  3) Design Hierarchy Analysis
  4) HDL Analysis
  5) HDL Synthesis
     5.1) HDL Synthesis Report
  6) Advanced HDL Synthesis
     6.1) Advanced HDL Synthesis Report
  7) Low Level Synthesis
  8) Partition Report
  9) Final Report
	9.1) Device utilization summary
	9.2) Partition Resource Summary
	9.3) TIMING REPORT


=========================================================================
*                      Synthesis Options Summary                        *
=========================================================================
---- Source Parameters
Input File Name                    : "IDS_Lab09.prj"
Input Format                       : mixed
Ignore Synthesis Constraint File   : NO

---- Target Parameters
Output File Name                   : "IDS_Lab09"
Output Format                      : NGC
Target Device                      : xc3s100e-4-cp132

---- Source Options
Top Module Name                    : IDS_Lab09
Automatic FSM Extraction           : YES
FSM Encoding Algorithm             : Auto
Safe Implementation                : No
FSM Style                          : LUT
RAM Extraction                     : Yes
RAM Style                          : Auto
ROM Extraction                     : Yes
Mux Style                          : Auto
Decoder Extraction                 : YES
Priority Encoder Extraction        : Yes
Shift Register Extraction          : YES
Logical Shifter Extraction         : YES
XOR Collapsing                     : YES
ROM Style                          : Auto
Mux Extraction                     : Yes
Resource Sharing                   : YES
Asynchronous To Synchronous        : NO
Multiplier Style                   : Auto
Automatic Register Balancing       : No

---- Target Options
Add IO Buffers                     : YES
Global Maximum Fanout              : 500
Add Generic Clock Buffer(BUFG)     : 24
Register Duplication               : YES
Slice Packing                      : YES
Optimize Instantiated Primitives   : NO
Use Clock Enable                   : Yes
Use Synchronous Set                : Yes
Use Synchronous Reset              : Yes
Pack IO Registers into IOBs        : Auto
Equivalent register Removal        : YES

---- General Options
Optimization Goal                  : Speed
Optimization Effort                : 1
Keep Hierarchy                     : No
Netlist Hierarchy                  : As_Optimized
RTL Output                         : Yes
Global Optimization                : AllClockNets
Read Cores                         : YES
Write Timing Constraints           : NO
Cross Clock Analysis               : NO
Hierarchy Separator                : /
Bus Delimiter                      : <>
Case Specifier                     : Maintain
Slice Utilization Ratio            : 100
BRAM Utilization Ratio             : 100
Verilog 2001                       : YES
Auto BRAM Packing                  : NO
Slice Utilization Ratio Delta      : 5

=========================================================================


=========================================================================
*                          HDL Compilation                              *
=========================================================================
Compiling verilog file "MUX4to1.v" in library work
Compiling verilog file "dff_v.v" in library work
Module <MUX4to1> compiled
Compiling verilog file "IDS_Lab09.v" in library work
Module <dff_v> compiled
Module <IDS_Lab09> compiled
No errors in compilation
Analysis of file <"IDS_Lab09.prj"> succeeded.
 

=========================================================================
*                     Design Hierarchy Analysis                         *
=========================================================================
Analyzing hierarchy for module <IDS_Lab09> in library <work>.

Analyzing hierarchy for module <MUX4to1> in library <work>.

Analyzing hierarchy for module <dff_v> in library <work>.


=========================================================================
*                            HDL Analysis                               *
=========================================================================
Analyzing top module <IDS_Lab09>.
WARNING:Xst:863 - "IDS_Lab09.v" line 26: Name conflict (<d0> and <D0>, renaming d0 as d0_rnm0).
WARNING:Xst:863 - "IDS_Lab09.v" line 27: Name conflict (<d1> and <D1>, renaming d1 as d1_rnm0).
WARNING:Xst:863 - "IDS_Lab09.v" line 28: Name conflict (<d2> and <D2>, renaming d2 as d2_rnm0).
WARNING:Xst:863 - "IDS_Lab09.v" line 29: Name conflict (<d3> and <D3>, renaming d3 as d3_rnm0).
WARNING:Xst:863 - "IDS_Lab09.v" line 30: Name conflict (<d4> and <D4>, renaming d4 as d4_rnm0).
Module <IDS_Lab09> is correct for synthesis.
 
Analyzing module <MUX4to1> in library <work>.
Module <MUX4to1> is correct for synthesis.
 
Analyzing module <dff_v> in library <work>.
Module <dff_v> is correct for synthesis.
 

=========================================================================
*                           HDL Synthesis                               *
=========================================================================

Performing bidirectional port resolution...

Synthesizing Unit <MUX4to1>.
    Related source file is "MUX4to1.v".
Unit <MUX4to1> synthesized.


Synthesizing Unit <dff_v>.
    Related source file is "dff_v.v".
    Found 1-bit register for signal <Q>.
    Summary:
	inferred   1 D-type flip-flop(s).
Unit <dff_v> synthesized.


Synthesizing Unit <IDS_Lab09>.
    Related source file is "IDS_Lab09.v".
Unit <IDS_Lab09> synthesized.


=========================================================================
HDL Synthesis Report

Macro Statistics
# Registers                                            : 5
 1-bit register                                        : 5

=========================================================================

=========================================================================
*                       Advanced HDL Synthesis                          *
=========================================================================


=========================================================================
Advanced HDL Synthesis Report

Macro Statistics
# Registers                                            : 5
 Flip-Flops                                            : 5

=========================================================================

=========================================================================
*                         Low Level Synthesis                           *
=========================================================================

Optimizing unit <IDS_Lab09> ...

Mapping all equations...
Building and optimizing final netlist ...
Found area constraint ratio of 100 (+ 5) on block IDS_Lab09, actual ratio is 0.

Final Macro Processing ...

=========================================================================
Final Register Report

Macro Statistics
# Registers                                            : 5
 Flip-Flops                                            : 5

=========================================================================

=========================================================================
*                           Partition Report                            *
=========================================================================

Partition Implementation Status
-------------------------------

  No Partitions were found in this design.

-------------------------------

=========================================================================
*                            Final Report                               *
=========================================================================
Final Results
RTL Top Level Output File Name     : IDS_Lab09.ngr
Top Level Output File Name         : IDS_Lab09
Output Format                      : NGC
Optimization Goal                  : Speed
Keep Hierarchy                     : No

Design Statistics
# IOs                              : 14

Cell Usage :
# BELS                             : 11
#      LUT3                        : 4
#      LUT3_L                      : 4
#      LUT4                        : 2
#      MUXF5                       : 1
# FlipFlops/Latches                : 5
#      FD                          : 5
# Clock Buffers                    : 1
#      BUFGP                       : 1
# IO Buffers                       : 13
#      IBUF                        : 8
#      OBUF                        : 5
=========================================================================

Device utilization summary:
---------------------------

Selected Device : 3s100ecp132-4 

 Number of Slices:                        5  out of    960     0%  
 Number of Slice Flip Flops:              5  out of   1920     0%  
 Number of 4 input LUTs:                 10  out of   1920     0%  
 Number of IOs:                          14
 Number of bonded IOBs:                  14  out of     83    16%  
 Number of GCLKs:                         1  out of     24     4%  

---------------------------
Partition Resource Summary:
---------------------------

  No Partitions were found in this design.

---------------------------


=========================================================================
TIMING REPORT

NOTE: THESE TIMING NUMBERS ARE ONLY A SYNTHESIS ESTIMATE.
      FOR ACCURATE TIMING INFORMATION PLEASE REFER TO THE TRACE REPORT
      GENERATED AFTER PLACE-and-ROUTE.

Clock Information:
------------------
-----------------------------------+------------------------+-------+
Clock Signal                       | Clock buffer(FF name)  | Load  |
-----------------------------------+------------------------+-------+
Clock                              | BUFGP                  | 5     |
-----------------------------------+------------------------+-------+

Asynchronous Control Signals Information:
----------------------------------------
No asynchronous control signals found in this design

Timing Summary:
---------------
Speed Grade: -4

   Minimum period: 3.008ns (Maximum Frequency: 332.447MHz)
   Minimum input arrival time before clock: 3.913ns
   Maximum output required time after clock: 4.394ns
   Maximum combinational path delay: No path found

Timing Detail:
--------------
All values displayed in nanoseconds (ns)

=========================================================================
Timing constraint: Default period analysis for Clock 'Clock'
  Clock period: 3.008ns (frequency: 332.447MHz)
  Total number of paths / destination ports: 9 / 5
-------------------------------------------------------------------------
Delay:               3.008ns (Levels of Logic = 2)
  Source:            u3/Q (FF)
  Destination:       u3/Q (FF)
  Source Clock:      Clock rising
  Destination Clock: Clock rising

  Data Path: u3/Q to u3/Q
                                Gate     Net
    Cell:in->out      fanout   Delay   Delay  Logical Name (Net Name)
    ----------------------------------------  ------------
     FD:C->Q               3   0.591   0.566  u3/Q (u3/Q)
     LUT3_L:I2->LO         1   0.704   0.135  m3/Y_SW0 (N7)
     LUT3:I2->O            1   0.704   0.000  m3/Y (d3_rnm0)
     FD:D                      0.308          u3/Q
    ----------------------------------------
    Total                      3.008ns (2.307ns logic, 0.701ns route)
                                       (76.7% logic, 23.3% route)

=========================================================================
Timing constraint: Default OFFSET IN BEFORE for Clock 'Clock'
  Total number of paths / destination ports: 20 / 5
-------------------------------------------------------------------------
Offset:              3.913ns (Levels of Logic = 3)
  Source:            Load (PAD)
  Destination:       u4/Q (FF)
  Destination Clock: Clock rising

  Data Path: Load to u4/Q
                                Gate     Net
    Cell:in->out      fanout   Delay   Delay  Logical Name (Net Name)
    ----------------------------------------  ------------
     IBUF:I->O             6   1.218   0.844  Load_IBUF (Load_IBUF)
     LUT3_L:I0->LO         1   0.704   0.135  m4/Y_SW0 (N5)
     LUT3:I2->O            1   0.704   0.000  m4/Y (d4_rnm0)
     FD:D                      0.308          u4/Q
    ----------------------------------------
    Total                      3.913ns (2.934ns logic, 0.979ns route)
                                       (75.0% logic, 25.0% route)

=========================================================================
Timing constraint: Default OFFSET OUT AFTER for Clock 'Clock'
  Total number of paths / destination ports: 5 / 5
-------------------------------------------------------------------------
Offset:              4.394ns (Levels of Logic = 1)
  Source:            u0/Q (FF)
  Destination:       out0 (PAD)
  Source Clock:      Clock rising

  Data Path: u0/Q to out0
                                Gate     Net
    Cell:in->out      fanout   Delay   Delay  Logical Name (Net Name)
    ----------------------------------------  ------------
     FD:C->Q               3   0.591   0.531  u0/Q (u0/Q)
     OBUF:I->O                 3.272          out0_OBUF (out0)
    ----------------------------------------
    Total                      4.394ns (3.863ns logic, 0.531ns route)
                                       (87.9% logic, 12.1% route)

=========================================================================


Total REAL time to Xst completion: 12.00 secs
Total CPU time to Xst completion: 11.73 secs
 
--> 

Total memory usage is 252416 kilobytes

Number of errors   :    0 (   0 filtered)
Number of warnings :    5 (   0 filtered)
Number of infos    :    0 (   0 filtered)

